[20160801 22:36:09] start game
[20160801 22:36:10] result:0
[20160801 22:36:10] result:1
[20160801 22:36:11] result:0
[20160801 22:36:11] result:1
[20160801 22:36:12] result:0
[20160801 22:36:12] result:1
[20160801 22:36:13] result:0
[20160801 22:36:15] result:1
[20160801 22:36:15] result:0
[20160801 22:36:16] result:1
[20160801 22:36:17] result:0
[20160801 22:36:17] result:1
[20160801 22:36:19] back
[20160801 22:36:19] back
[20160801 22:36:19] back
[20160801 22:36:20] back
[20160801 22:36:20] back
[20160801 22:36:20] back
[20160801 22:36:20] back
[20160801 22:36:20] back
[20160801 22:36:21] back
[20160801 22:36:22] result:0
[20160801 22:36:24] result:1
[20160801 22:36:25] result:0
[20160801 22:36:27] back
[20160801 22:36:33] result:1
[20160801 22:36:34] back
[20160801 22:36:34] result:0
[20160801 22:36:36] 停止: road = 0
[20160801 22:36:36] 開始: road = 0
[20160801 22:36:38] result:1
[20160801 22:36:40] back
[20160801 22:36:40] back
[20160801 22:36:42] result:0
[20160801 22:36:43] result:1
[20160801 22:36:44] back
[20160801 22:36:44] back
[20160801 22:36:44] back
[20160801 22:36:44] back
[20160801 22:36:45] back
[20160801 22:36:45] back
[20160801 22:36:45] back
[20160801 22:36:45] back
