[20160724 00:12:23] start game
[20160724 00:12:28] result:1
[20160724 00:12:30] result:0
[20160724 00:12:38] result:0
[20160724 00:12:41] 停止: road = 0
[20160724 00:12:59] result:0
[20160724 00:13:00] result:1
[20160724 00:13:03] 開始: road = 0
[20160724 00:13:32] back
[20160724 00:13:32] back
[20160724 00:13:32] back
[20160724 00:13:33] back
[20160724 00:13:33] back
[20160724 00:13:33] back
[20160724 00:13:34] back
[20160724 00:13:35] result:1
[20160724 00:13:36] result:0
[20160724 00:13:36] result:0
[20160724 00:13:37] result:0
[20160724 00:13:39] result:1
[20160724 00:13:44] result:0
[20160724 00:13:59] result:0
[20160724 00:14:04] result:0
[20160724 00:14:06] back
[20160724 00:14:09] result:1
[20160724 00:14:11] result:0
[20160724 00:14:13] result:1
[20160724 00:14:15] result:0
[20160724 00:14:17] result:1
[20160724 00:14:18] result:0
[20160724 00:14:20] result:1
[20160724 00:14:21] result:0
[20160724 00:14:22] result:1
[20160724 00:14:24] result:0
[20160724 00:14:25] result:1
[20160724 00:14:28] back
[20160724 00:14:28] back
[20160724 00:14:28] back
[20160724 00:14:29] back
[20160724 00:14:29] back
[20160724 00:14:29] back
[20160724 00:14:30] back
[20160724 00:14:30] back
[20160724 00:14:31] back
[20160724 00:14:31] back
[20160724 00:14:31] back
[20160724 00:14:32] back
[20160724 00:14:32] back
[20160724 00:14:32] back
[20160724 00:14:33] back
[20160724 00:14:33] back
[20160724 00:14:34] back
[20160724 00:14:34] back
[20160724 00:14:34] back
